<?xml version="1.0" encoding="UTF-8"?>
<testsuite xmlns:xsi="http://www.w3.org/2001/XMLSchema-instance" xsi:noNamespaceSchemaLocation="https://maven.apache.org/surefire/maven-surefire-plugin/xsd/surefire-test-report.xsd" name="CucumberRunner" time="12.818" tests="14" errors="0" skipped="13" failures="0">
  <properties>
[...]
</properties>
  <testcase name="Когда Осуществлен переход на страницу Yandex" classname="Сценарий: Поиск телевизора в Яндекс маркете" time="0">
    <skipped/>
    <system-out><![CDATA[http://www.yandex.ru
]]></system-out>
    <system-err><![CDATA[SLF4J: Failed to load class "org.slf4j.impl.StaticLoggerBinder".
SLF4J: Defaulting to no-operation (NOP) logger implementation
SLF4J: See http://www.slf4j.org/codes.html#StaticLoggerBinder for further details.
Starting ChromeDriver 2.35.528161 (5b82f2d2aae0ca24b877009200ced9065a772e73) on port 30305
Only local connections are allowed.
фев 01, 2018 9:38:26 PM org.openqa.selenium.remote.ProtocolHandshake createSession
INFO: Detected dialect: OSS
]]></system-err>
  </testcase>
  <testcase name="Когда Выбран пунк меню &quot;Маркет&quot;" classname="Сценарий: Поиск телевизора в Яндекс маркете" time="0">
    <skipped/>
  </testcase>
  <testcase name="Когда Выбран пунк меню - &quot;Страхование путешественников&quot;" classname="Сценарий: Поиск телевизора в Яндекс маркете" time="0">
    <skipped/>
  </testcase>
  <testcase name="Когда Выполнена проверка текстовки Страхование путешественников на странице SP" classname="Сценарий: Поиск телевизора в Яндекс маркете" time="0">
    <skipped/>
  </testcase>
  <testcase name="Когда Выполнено нажатие на кнопку - оформить онлайн" classname="Сценарий: Поиск телевизора в Яндекс маркете" time="0">
    <skipped/>
  </testcase>
  <testcase name="Тогда Выполнен переход на страницу выбора полиса" classname="Сценарий: Поиск телевизора в Яндекс маркете" time="0">
    <skipped/>
  </testcase>
  <testcase name="Когда Выполнено нажатие на поле &apos;выберите сумму страховой защиты&apos; - Минимальная" classname="Сценарий: Поиск телевизора в Яндекс маркете" time="0">
    <skipped/>
  </testcase>
  <testcase name="Когда Выполнено нажатие на кнопку Продолжить" classname="Сценарий: Поиск телевизора в Яндекс маркете" time="0">
    <skipped/>
  </testcase>
  <testcase name="Когда заполняются поля:" classname="Сценарий: Поиск телевизора в Яндекс маркете" time="0">
    <skipped/>
  </testcase>
  <testcase name="Тогда значения полей равны:" classname="Сценарий: Поиск телевизора в Яндекс маркете" time="0">
    <skipped/>
  </testcase>
  <testcase name="Когда Выполнено нажатие на кнопку - Продолжить" classname="Сценарий: Поиск телевизора в Яндекс маркете" time="0">
    <skipped/>
  </testcase>
  <testcase name="Тогда Проверка появления текста Заполнены не все обязательные поля" classname="Сценарий: Поиск телевизора в Яндекс маркете" time="0">
    <skipped/>
  </testcase>
  <testcase name="Сценарий: Поиск телевизора в Яндекс маркете" classname="Сценарий: Поиск телевизора в Яндекс маркете" time="0">
    <skipped/>
  </testcase>
  <testcase name="Сценарий: Поиск телевизора в Яндекс маркете" classname="Сценарий: Поиск телевизора в Яндекс маркете" time="9.993"/>
</testsuite>